<?xml version="1.0" encoding="utf-8"?><testsuites name="pytest tests"><testsuite name="pytest" errors="0" failures="1" skipped="0" tests="3" time="0.207" timestamp="2026-02-19T17:25:12.023455-03:00" hostname="hbisetto-Lenovo-ideapad-330-15IKB"><testcase classname="tests.test_load" name="test_load_positive_has_2_people" time="0.004"><failure message="AssertionError: assert 3 == 2&#10; +  where 3 = len(['Jim Halpert, Sales, Salesman, jim@dundermifflin.com', 'Dwight Schrute, Sales, Manager, schrute@dundermifflin.com', 'Gabe Lewis, Directory, Manager, glewis@dundermifflin.com'])&#10; +    where ['Jim Halpert, Sales, Salesman, jim@dundermifflin.com', 'Dwight Schrute, Sales, Manager, schrute@dundermifflin.com', 'Gabe Lewis, Directory, Manager, glewis@dundermifflin.com'] = load('/media/hbisetto/25127419201832731/Codigos-e-Projetos/Python/Python_Base/dundie-rewards/tests/assets/people.csv')">request = &lt;FixtureRequest for &lt;Function test_load_positive_has_2_people&gt;&gt;

    @pytest.mark.unit
    @pytest.mark.high
    def test_load_positive_has_2_people(request):
        """Test load function"""
    
        #filepath = f"arquivo_indesejado-{uuid.uuid4()}.txt"
        #request.addfinalizer(lambda: os.unlink(filepath))
        # request.addfinalizer(lambda: print("Terminou"))
    
        #with open(f"arquivo_indesejado-{uuid.uuid4()}.txt", "w") as file_:
        #    file_.write("dados úteis somente para o teste")
    
&gt;       assert len(load(PEOPLE_FILE)) == 2
E       AssertionError: assert 3 == 2
E        +  where 3 = len(['Jim Halpert, Sales, Salesman, jim@dundermifflin.com', 'Dwight Schrute, Sales, Manager, schrute@dundermifflin.com', 'Gabe Lewis, Directory, Manager, glewis@dundermifflin.com'])
E        +    where ['Jim Halpert, Sales, Salesman, jim@dundermifflin.com', 'Dwight Schrute, Sales, Manager, schrute@dundermifflin.com', 'Gabe Lewis, Directory, Manager, glewis@dundermifflin.com'] = load('/media/hbisetto/25127419201832731/Codigos-e-Projetos/Python/Python_Base/dundie-rewards/tests/assets/people.csv')

/media/hbisetto/25127419201832731/Codigos-e-Projetos/Python/Python_Base/dundie-rewards/tests/test_load.py:38: AssertionError</failure></testcase><testcase classname="tests.test_load" name="test_load_positive_has_first_name_starts_with_j" time="0.002" /><testcase classname="integration.test_load" name="test_load" time="0.061" /></testsuite></testsuites>